0 info it worked if it ends with ok
1 verbose cli [ '/usr/bin/node',
1 verbose cli   '/usr/bin/npm',
1 verbose cli   'install',
1 verbose cli   '--save',
1 verbose cli   'mustache' ]
2 info using npm@1.4.28
3 info using node@v0.10.33
4 verbose node symlink /usr/bin/node
5 verbose readDependencies using package.json deps
6 verbose cache add [ 'mustache', null ]
7 verbose cache add name=undefined spec="mustache" args=["mustache",null]
8 verbose parsed url { protocol: null,
8 verbose parsed url   slashes: null,
8 verbose parsed url   auth: null,
8 verbose parsed url   host: null,
8 verbose parsed url   port: null,
8 verbose parsed url   hostname: null,
8 verbose parsed url   hash: null,
8 verbose parsed url   search: null,
8 verbose parsed url   query: null,
8 verbose parsed url   pathname: 'mustache',
8 verbose parsed url   path: 'mustache',
8 verbose parsed url   href: 'mustache' }
9 silly lockFile e372423e-mustache mustache
10 verbose lock mustache /home/tj/.npm/e372423e-mustache.lock
11 silly lockFile e372423e-mustache mustache
12 silly lockFile e372423e-mustache mustache
13 verbose addNamed [ 'mustache', '' ]
14 verbose addNamed [ null, '*' ]
15 silly lockFile 58264633-mustache mustache@
16 verbose lock mustache@ /home/tj/.npm/58264633-mustache.lock
17 silly addNameRange { name: 'mustache', range: '*', hasData: false }
18 verbose request where is /mustache
19 verbose request registry https://registry.npmjs.org/
20 verbose request id 38f345c111e4220c
21 verbose url raw /mustache
22 verbose url resolving [ 'https://registry.npmjs.org/', './mustache' ]
23 verbose url resolved https://registry.npmjs.org/mustache
24 verbose request where is https://registry.npmjs.org/mustache
25 info trying registry request attempt 1 at 21:52:39
26 verbose etag "A6WGODCCAEQ86UYHAYS33R4G1"
27 http GET https://registry.npmjs.org/mustache
28 http 200 https://registry.npmjs.org/mustache
29 silly registry.get cb [ 200,
29 silly registry.get   { date: 'Wed, 31 Dec 2014 05:52:41 GMT',
29 silly registry.get     server: 'CouchDB/1.5.0 (Erlang OTP/R16B03)',
29 silly registry.get     etag: '"5X2V1KO3TVR5LLAM39P0AHN6F"',
29 silly registry.get     'content-type': 'application/json',
29 silly registry.get     'cache-control': 'max-age=60',
29 silly registry.get     'content-length': '29038',
29 silly registry.get     'accept-ranges': 'bytes',
29 silly registry.get     via: '1.1 varnish',
29 silly registry.get     age: '0',
29 silly registry.get     'x-served-by': 'cache-lax1422-LAX',
29 silly registry.get     'x-cache': 'HIT',
29 silly registry.get     'x-cache-hits': '1',
29 silly registry.get     'x-timer': 'S1420005161.538813,VS0,VE72',
29 silly registry.get     vary: 'Accept',
29 silly registry.get     'keep-alive': 'timeout=10, max=50',
29 silly registry.get     connection: 'Keep-Alive' } ]
30 silly addNameRange number 2 { name: 'mustache', range: '*', hasData: true }
31 silly addNameRange versions [ 'mustache',
31 silly addNameRange   [ '0.3.1-dev',
31 silly addNameRange     '0.4.0',
31 silly addNameRange     '0.5.1-dev',
31 silly addNameRange     '0.5.2',
31 silly addNameRange     '0.6.0',
31 silly addNameRange     '0.7.0',
31 silly addNameRange     '0.7.1',
31 silly addNameRange     '0.7.2',
31 silly addNameRange     '0.7.3',
31 silly addNameRange     '0.8.0',
31 silly addNameRange     '0.8.1',
31 silly addNameRange     '0.8.2',
31 silly addNameRange     '1.0.0' ] ]
32 verbose addNamed [ 'mustache', '1.0.0' ]
33 verbose addNamed [ '1.0.0', '1.0.0' ]
34 silly lockFile c965bf05-mustache-1-0-0 mustache@1.0.0
35 verbose lock mustache@1.0.0 /home/tj/.npm/c965bf05-mustache-1-0-0.lock
36 silly lockFile 8afdacc1--org-mustache-mustache-1-0-0-tgz https://registry.npmjs.org/mustache/-/mustache-1.0.0.tgz
37 verbose lock https://registry.npmjs.org/mustache/-/mustache-1.0.0.tgz /home/tj/.npm/8afdacc1--org-mustache-mustache-1-0-0-tgz.lock
38 verbose addRemoteTarball [ 'https://registry.npmjs.org/mustache/-/mustache-1.0.0.tgz',
38 verbose addRemoteTarball   '8f5b8f68041dbead10997e0ba1d024771a03e15a' ]
39 info retry fetch attempt 1 at 21:52:42
40 verbose fetch to= /tmp/npm-7802-6vGHGCVj/registry.npmjs.org/mustache/-/mustache-1.0.0.tgz
41 http GET https://registry.npmjs.org/mustache/-/mustache-1.0.0.tgz
42 http 200 https://registry.npmjs.org/mustache/-/mustache-1.0.0.tgz
43 silly lockFile 8afdacc1--org-mustache-mustache-1-0-0-tgz https://registry.npmjs.org/mustache/-/mustache-1.0.0.tgz
44 silly lockFile 8afdacc1--org-mustache-mustache-1-0-0-tgz https://registry.npmjs.org/mustache/-/mustache-1.0.0.tgz
45 silly lockFile c965bf05-mustache-1-0-0 mustache@1.0.0
46 silly lockFile c965bf05-mustache-1-0-0 mustache@1.0.0
47 silly lockFile 58264633-mustache mustache@
48 silly lockFile 58264633-mustache mustache@
49 error Error: EACCES, mkdir '/home/tj/.npm/mustache/1.0.0'
49 error  { [Error: EACCES, mkdir '/home/tj/.npm/mustache/1.0.0']
49 error   errno: 3,
49 error   code: 'EACCES',
49 error   path: '/home/tj/.npm/mustache/1.0.0',
49 error   parent: 'steam-goddammit-bot' }
50 error Please try running this command again as root/Administrator.
51 error System Linux 3.13.0-40-generic
52 error command "/usr/bin/node" "/usr/bin/npm" "install" "--save" "mustache"
53 error cwd /home/tj/steam-chatbot
54 error node -v v0.10.33
55 error npm -v 1.4.28
56 error path /home/tj/.npm/mustache/1.0.0
57 error code EACCES
58 error errno 3
59 error stack Error: EACCES, mkdir '/home/tj/.npm/mustache/1.0.0'
60 verbose exit [ 3, true ]
